<?xml version="1.0" encoding="UTF-8"?>
<testsuite xmlns:xsi="http://www.w3.org/2001/XMLSchema-instance" xsi:noNamespaceSchemaLocation="https://maven.apache.org/surefire/maven-surefire-plugin/xsd/surefire-test-report.xsd" name="UnitTest" time="0.575" tests="2" errors="1" skipped="0" failures="0">
  <properties>
[...]
</properties>
  <testcase name="addDifferentCampaigns" classname="UnitTest" time="0.534"/>
  <testcase name="getProduct" classname="UnitTest" time="0.023">
    <error type="java.lang.NullPointerException">java.lang.NullPointerException
	at UnitTest.getProduct(UnitTest.java:43)
</error>
    <system-out><![CDATA[Category=electronics
[
Campaign=poor-sale
bid=10.0 startDate=09.10.2019 endDate=19.10.2019 numberProducts=3
[Product=UQXJDSW{title='UQXJDSW', category='electronics', price=68.21412597332522, serial=9}
Product=SWAOIEG{title='SWAOIEG', category='electronics', price=5.247896664007033, serial=5}
Product=GCLFBVW{title='GCLFBVW', category='electronics', price=4.316044925322924, serial=14}
]
Campaign=sale-sale
bid=6.8 startDate=15.10.2019 endDate=25.10.2019 numberProducts=3
[Product=UQXJDSW{title='UQXJDSW', category='electronics', price=68.21412597332522, serial=9}
Product=SWAOIEG{title='SWAOIEG', category='electronics', price=5.247896664007033, serial=5}
Product=GCLFBVW{title='GCLFBVW', category='electronics', price=4.316044925322924, serial=14}
]
Campaign=electro-sale
bid=1.7 startDate=03.10.2019 endDate=13.10.2019 numberProducts=3
[Product=UQXJDSW{title='UQXJDSW', category='electronics', price=68.21412597332522, serial=9}
Product=SWAOIEG{title='SWAOIEG', category='electronics', price=5.247896664007033, serial=5}
Product=GCLFBVW{title='GCLFBVW', category='electronics', price=4.316044925322924, serial=14}
]
Campaign=great-sale
bid=1.3 startDate=10.10.2019 endDate=20.10.2019 numberProducts=3
[Product=UQXJDSW{title='UQXJDSW', category='electronics', price=68.21412597332522, serial=9}
Product=SWAOIEG{title='SWAOIEG', category='electronics', price=5.247896664007033, serial=5}
Product=GCLFBVW{title='GCLFBVW', category='electronics', price=4.316044925322924, serial=14}
]
]
Category=food
[
Campaign=beast
bid=19.3 startDate=21.10.2019 endDate=31.10.2019 numberProducts=5
[Product=FJKEXML{title='FJKEXML', category='food', price=93.39533418408591, serial=23}
Product=UMLTJUB{title='UMLTJUB', category='food', price=88.4542042377916, serial=24}
Product=HWLNEOX{title='HWLNEOX', category='food', price=30.472341669502434, serial=21}
Product=SRLBAKG{title='SRLBAKG', category='food', price=28.182685443853984, serial=20}
Product=NXOHTAL{title='NXOHTAL', category='food', price=58.052985538507656, serial=22}
]
Campaign=hungry
bid=12.34 startDate=15.10.2019 endDate=25.10.2019 numberProducts=5
[Product=FJKEXML{title='FJKEXML', category='food', price=93.39533418408591, serial=23}
Product=UMLTJUB{title='UMLTJUB', category='food', price=88.4542042377916, serial=24}
Product=HWLNEOX{title='HWLNEOX', category='food', price=30.472341669502434, serial=21}
Product=SRLBAKG{title='SRLBAKG', category='food', price=28.182685443853984, serial=20}
Product=NXOHTAL{title='NXOHTAL', category='food', price=58.052985538507656, serial=22}
]
Campaign=almost-too-late
bid=4.3 startDate=02.10.2019 endDate=12.10.2019 numberProducts=5
[Product=FJKEXML{title='FJKEXML', category='food', price=93.39533418408591, serial=23}
Product=UMLTJUB{title='UMLTJUB', category='food', price=88.4542042377916, serial=24}
Product=HWLNEOX{title='HWLNEOX', category='food', price=30.472341669502434, serial=21}
Product=SRLBAKG{title='SRLBAKG', category='food', price=28.182685443853984, serial=20}
Product=NXOHTAL{title='NXOHTAL', category='food', price=58.052985538507656, serial=22}
]
]
Category=shoes
[
Campaign=sporty-shoes
bid=15.0 startDate=21.10.2019 endDate=31.10.2019 numberProducts=2
[Product=MBPJBMY{title='MBPJBMY', category='shoes', price=90.57229146710569, serial=12}
Product=PIVWKCQ{title='PIVWKCQ', category='shoes', price=70.51114725813535, serial=3}
]
Campaign=fancy-shoes
bid=0.5 startDate=05.10.2019 endDate=15.10.2019 numberProducts=2
[Product=MBPJBMY{title='MBPJBMY', category='shoes', price=90.57229146710569, serial=12}
Product=PIVWKCQ{title='PIVWKCQ', category='shoes', price=70.51114725813535, serial=3}
]
Campaign=christmas-run
bid=2.3 startDate=02.10.2019 endDate=12.10.2019 numberProducts=2
[Product=MBPJBMY{title='MBPJBMY', category='shoes', price=90.57229146710569, serial=12}
Product=PIVWKCQ{title='PIVWKCQ', category='shoes', price=70.51114725813535, serial=3}
]
]
]]></system-out>
  </testcase>
</testsuite>